INFO: 2020-02-01 19:03:35,481: main() 'Using profile folder /home/paarangatj/.config/variety/'
INFO: 2020-02-01 19:03:35,505: perform_upgrade() 'Last run version was 0.7.2 or earlier, current version is 0.8.2'
INFO: 2020-02-01 19:03:35,994: perform_upgrade() 'Performing upgrade to 0.8.0'
INFO: 2020-02-01 19:03:36,009: perform_upgrade() 'Performing upgrade to 0.8.2'
INFO: 2020-02-01 19:03:36,020: write_current_version() 'Writing current version 0.8.2 to .version'
INFO: 2020-02-01 19:03:36,023: perform_upgrade() 'Updating Variety autostart desktop entry'
INFO: 2020-02-01 19:03:36,026: process_command() 'Received command: ['--resume']'
INFO: 2020-02-01 19:03:36,032: load_banned() 'Missing or invalid banned URLs list, no URLs will be banned'
INFO: 2020-02-01 19:03:36,065: start() 'Using data_path /usr/share/variety'
INFO: 2020-02-01 19:03:36,065: load() 'Jumble loading'
INFO: 2020-02-01 19:03:36,068: _walk_modules() 'Jumble loading module in __init__ from /usr/lib/python3.8/site-packages/variety/plugins/builtin/__init__.py'
INFO: 2020-02-01 19:03:36,074: _walk_modules() 'Jumble loading module in MediaRSSDownloader from /usr/lib/python3.8/site-packages/variety/plugins/builtin/downloaders/MediaRSSDownloader.py'
INFO: 2020-02-01 19:03:36,079: _walk_modules() 'Jumble loading module in __init__ from /usr/lib/python3.8/site-packages/variety/plugins/builtin/downloaders/__init__.py'
INFO: 2020-02-01 19:03:36,082: _walk_modules() 'Jumble loading module in ChromeOSWallpapersDownloader from /usr/lib/python3.8/site-packages/variety/plugins/builtin/downloaders/ChromeOSWallpapersDownloader.py'
INFO: 2020-02-01 19:03:36,085: load() 'Jumble found plugin class: <class 'ChromeOSWallpapersDownloader.ChromeOSWallpapersDownloader'>: {'name': 'ChromeOsWallpapersDownloader', 'description': 'Chrome OS Wallpapers', 'author': 'Peter Levi', 'version': '0.1'}'
INFO: 2020-02-01 19:03:36,087: _walk_modules() 'Jumble loading module in WallhavenDownloader from /usr/lib/python3.8/site-packages/variety/plugins/builtin/downloaders/WallhavenDownloader.py'
INFO: 2020-02-01 19:03:36,090: _walk_modules() 'Jumble loading module in EarthDownloader from /usr/lib/python3.8/site-packages/variety/plugins/builtin/downloaders/EarthDownloader.py'
INFO: 2020-02-01 19:03:36,091: load() 'Jumble found plugin class: <class 'EarthDownloader.EarthDownloader'>: {'name': 'EarthDownloader', 'description': 'World Sunlight Map - live wallpaper from Die.net', 'author': 'Peter Levi', 'version': '0.1'}'
INFO: 2020-02-01 19:03:36,093: _walk_modules() 'Jumble loading module in APODDownloader from /usr/lib/python3.8/site-packages/variety/plugins/builtin/downloaders/APODDownloader.py'
INFO: 2020-02-01 19:03:36,095: load() 'Jumble found plugin class: <class 'APODDownloader.APODDownloader'>: {'name': 'APODDownloader', 'description': 'NASA Astro Pic of the Day', 'author': 'Peter Levi', 'version': '0.1'}'
INFO: 2020-02-01 19:03:36,096: _walk_modules() 'Jumble loading module in RedditSource from /usr/lib/python3.8/site-packages/variety/plugins/builtin/downloaders/RedditSource.py'
INFO: 2020-02-01 19:03:36,102: load() 'Jumble found plugin class: <class 'RedditSource.RedditSource'>: {'name': 'RedditSource', 'description': 'Configurable source for fetching images from Reddit', 'author': 'Peter Levi', 'version': '0.1'}'
INFO: 2020-02-01 19:03:36,103: _walk_modules() 'Jumble loading module in RedditDownloader from /usr/lib/python3.8/site-packages/variety/plugins/builtin/downloaders/RedditDownloader.py'
INFO: 2020-02-01 19:03:36,106: _walk_modules() 'Jumble loading module in DesktopprDownloader from /usr/lib/python3.8/site-packages/variety/plugins/builtin/downloaders/DesktopprDownloader.py'
INFO: 2020-02-01 19:03:36,109: load() 'Jumble found plugin class: <class 'DesktopprDownloader.DesktopprDownloader'>: {'name': 'DesktopprDownloader', 'description': 'Random wallpapers from Desktoppr.co', 'author': 'Peter Levi', 'version': '0.1'}'
INFO: 2020-02-01 19:03:36,111: _walk_modules() 'Jumble loading module in UnsplashConfigurableSource from /usr/lib/python3.8/site-packages/variety/plugins/builtin/downloaders/UnsplashConfigurableSource.py'
INFO: 2020-02-01 19:03:36,117: load() 'Jumble found plugin class: <class 'UnsplashConfigurableSource.UnsplashConfigurableSource'>: {'name': 'UnsplashConfigurableSource', 'description': 'Configurable source for fetching photos from Unsplash.com', 'author': 'Peter Levi', 'version': '0.1'}'
INFO: 2020-02-01 19:03:36,123: _walk_modules() 'Jumble loading module in MediaRSSSource from /usr/lib/python3.8/site-packages/variety/plugins/builtin/downloaders/MediaRSSSource.py'
INFO: 2020-02-01 19:03:36,126: load() 'Jumble found plugin class: <class 'MediaRSSSource.MediaRSSSource'>: {'name': 'MediaRSSSource', 'description': 'Configurable source for fetching images from MediaRSS feeds', 'author': 'Peter Levi', 'version': '0.1'}'
INFO: 2020-02-01 19:03:36,128: _walk_modules() 'Jumble loading module in BingDownloader from /usr/lib/python3.8/site-packages/variety/plugins/builtin/downloaders/BingDownloader.py'
INFO: 2020-02-01 19:03:36,131: load() 'Jumble found plugin class: <class 'BingDownloader.BingDownloader'>: {'name': 'BingDownloader', 'description': 'Bing Photo of the Day', 'author': 'Peter Levi', 'version': '0.1'}'
INFO: 2020-02-01 19:03:36,133: _walk_modules() 'Jumble loading module in WallhavenSource from /usr/lib/python3.8/site-packages/variety/plugins/builtin/downloaders/WallhavenSource.py'
INFO: 2020-02-01 19:03:36,136: load() 'Jumble found plugin class: <class 'WallhavenSource.WallhavenSource'>: {'name': 'MediaRSSSource', 'description': 'Configurable source for fetching images from Wallhaven.cc', 'author': 'Peter Levi', 'version': '0.1'}'
INFO: 2020-02-01 19:03:36,137: _walk_modules() 'Jumble loading module in UnsplashDownloader from /usr/lib/python3.8/site-packages/variety/plugins/builtin/downloaders/UnsplashDownloader.py'
INFO: 2020-02-01 19:03:36,138: load() 'Jumble found plugin class: <class 'UnsplashDownloader.UnsplashDownloader'>: {'name': 'UnsplashDownloader', 'description': 'High-resolution photos from Unsplash.com', 'author': 'Peter Levi', 'version': '0.1'}'
INFO: 2020-02-01 19:03:36,140: _walk_modules() 'Jumble loading module in EarthviewDownloader from /usr/lib/python3.8/site-packages/variety/plugins/builtin/downloaders/EarthviewDownloader.py'
INFO: 2020-02-01 19:03:36,142: load() 'Jumble found plugin class: <class 'EarthviewDownloader.EarthviewDownloader'>: {'name': 'EarthviewDownloader', 'description': 'Google Earth View Wallpapers', 'author': 'Peter Levi', 'version': '0.1'}'
INFO: 2020-02-01 19:03:36,145: _walk_modules() 'Jumble loading module in QuotationsPageSource from /usr/lib/python3.8/site-packages/variety/plugins/builtin/quotes/QuotationsPageSource.py'
INFO: 2020-02-01 19:03:36,175: load() 'Jumble found plugin class: <class 'QuotationsPageSource.QuotationsPageSource'>: {'name': 'TheQuotationsPage.com', 'description': 'Fetches quotes from TheQuotationsPage.com', 'author': 'Peter Levi', 'version': '0.1'}'
INFO: 2020-02-01 19:03:36,175: _walk_modules() 'Jumble loading module in __init__ from /usr/lib/python3.8/site-packages/variety/plugins/builtin/quotes/__init__.py'
INFO: 2020-02-01 19:03:36,178: _walk_modules() 'Jumble loading module in LocalFilesSource from /usr/lib/python3.8/site-packages/variety/plugins/builtin/quotes/LocalFilesSource.py'
INFO: 2020-02-01 19:03:36,180: load() 'Jumble found plugin class: <class 'LocalFilesSource.LocalFilesSource'>: {'name': 'Local text files', 'description': 'Displays quotes, defined in local text files.\nPut your own txt files in: ~/.config/variety/pluginconfig/quotes/.\nThe file format is:\n\nquote -- author\n.\nsecond quote -- another author\n.\netc...\n\nExample: http://rvelthuis.de/zips/quotes.txt', 'author': 'Peter Levi', 'version': '0.1'}'
INFO: 2020-02-01 19:03:36,182: _walk_modules() 'Jumble loading module in FortuneSource from /usr/lib/python3.8/site-packages/variety/plugins/builtin/quotes/FortuneSource.py'
INFO: 2020-02-01 19:03:36,184: load() 'Jumble found plugin class: <class 'FortuneSource.FortuneSource'>: {'name': 'UNIX fortune program', 'description': 'Displays quotes using the UNIX fortune program. You may want to install additional fortune packs, e.g. fortunes-bofh-excuses.', 'author': 'Dan Jones', 'version': '0.1'}'
INFO: 2020-02-01 19:03:36,186: _walk_modules() 'Jumble loading module in UrbanDictionarySource from /usr/lib/python3.8/site-packages/variety/plugins/builtin/quotes/UrbanDictionarySource.py'
INFO: 2020-02-01 19:03:36,187: load() 'Jumble found plugin class: <class 'UrbanDictionarySource.UrbanDictionarySource'>: {'name': 'Urban Dictionary', 'description': 'Displays definitions from Urban Dictionary', 'author': 'James Miller', 'version': '0.1'}'
INFO: 2020-02-01 19:03:36,189: _walk_modules() 'Jumble loading module in GoodreadsSource from /usr/lib/python3.8/site-packages/variety/plugins/builtin/quotes/GoodreadsSource.py'
INFO: 2020-02-01 19:03:36,191: load() 'Jumble found plugin class: <class 'GoodreadsSource.GoodreadsSource'>: {'name': 'Goodreads', 'description': 'Fetches quotes from Goodreads.com', 'author': 'Peter Levi', 'version': '0.1'}'
INFO: 2020-02-01 19:03:36,194: makedirs() 'Creating folder /home/paarangatj/.config/variety/pluginconfig/downloaders'
INFO: 2020-02-01 19:03:36,205: reload_config() 'Creating new downloader for type chromeos, location Chrome OS Wallpapers'
INFO: 2020-02-01 19:03:36,205: reload_config() 'Creating new downloader for type earthview, location Google Earth View Wallpapers'
INFO: 2020-02-01 19:03:36,206: makedirs() 'Creating folder /home/paarangatj/.config/variety/Downloaded/Chrome OS Wallpapers'
INFO: 2020-02-01 19:03:36,207: makedirs() 'Creating folder /home/paarangatj/.config/variety/Downloaded/Earth View'
INFO: 2020-02-01 19:03:36,208: log_options() 'Loaded options:'
INFO: 2020-02-01 19:03:36,209: log_options() 'change_enabled = True'
INFO: 2020-02-01 19:03:36,209: log_options() 'change_interval = 300'
INFO: 2020-02-01 19:03:36,209: log_options() 'change_on_start = False'
INFO: 2020-02-01 19:03:36,209: log_options() 'clipboard_enabled = False'
INFO: 2020-02-01 19:03:36,209: log_options() 'clipboard_hosts = ['wallhaven.cc', 'wallpapers.net', 'flickr.com', 'imgur.com', 'deviantart.com', 'interfacelift.com', 'vladstudio.com', 'imageshack.us', 'deviantart.net', 'imageshack.com']'
INFO: 2020-02-01 19:03:36,209: log_options() 'clipboard_use_whitelist = True'
INFO: 2020-02-01 19:03:36,209: log_options() 'clock_date_font = Ubuntu Condensed, 30'
INFO: 2020-02-01 19:03:36,209: log_options() 'clock_enabled = False'
INFO: 2020-02-01 19:03:36,209: log_options() 'clock_filter = -density 100 -font `fc-match -f '%{file[0]}' '%CLOCK_FONT_NAME'` -pointsize %CLOCK_FONT_SIZE -gravity SouthEast -fill '#00000044' -annotate 0x0+[%HOFFSET+58]+[%VOFFSET+108] '%H:%M' -fill white -annotate 0x0+[%HOFFSET+60]+[%VOFFSET+110] '%H:%M' -font `fc-match -f '%{file[0]}' '%DATE_FONT_NAME'` -pointsize %DATE_FONT_SIZE -fill '#00000044' -annotate 0x0+[%HOFFSET+58]+[%VOFFSET+58] '%A, %B %d' -fill white -annotate 0x0+[%HOFFSET+60]+[%VOFFSET+60] '%A, %B %d''
INFO: 2020-02-01 19:03:36,210: log_options() 'clock_font = Ubuntu Condensed, 70'
INFO: 2020-02-01 19:03:36,210: log_options() 'configfile = /home/paarangatj/.config/variety/variety.conf'
INFO: 2020-02-01 19:03:36,210: log_options() 'copyto_enabled = False'
INFO: 2020-02-01 19:03:36,210: log_options() 'copyto_folder = Default'
INFO: 2020-02-01 19:03:36,210: log_options() 'desired_color = [160, 160, 160]'
INFO: 2020-02-01 19:03:36,210: log_options() 'desired_color_enabled = False'
INFO: 2020-02-01 19:03:36,210: log_options() 'download_folder = /home/paarangatj/.config/variety/Downloaded'
INFO: 2020-02-01 19:03:36,210: log_options() 'download_preference_ratio = 0.9'
INFO: 2020-02-01 19:03:36,211: log_options() 'favorites_folder = /home/paarangatj/.config/variety/Favorites'
INFO: 2020-02-01 19:03:36,211: log_options() 'favorites_operations = [['Downloaded', 'Copy'], ['Fetched', 'Move'], ['Others', 'Copy']]'
INFO: 2020-02-01 19:03:36,211: log_options() 'fetched_folder = /home/paarangatj/.config/variety/Fetched'
INFO: 2020-02-01 19:03:36,211: log_options() 'filters = [[False, 'Keep original', ''], [False, 'Grayscale', '-type Grayscale'], [False, 'Heavy blur', '-blur 120x40'], [False, 'Soft blur', '-blur 20x7'], [False, 'Oil painting', '-paint 8'], [False, 'Pencil sketch', '-colorspace gray \\( +clone -tile ~/.config/variety/pencil_tile.png -draw "color 0,0 reset" +clone +swap -compose color_dodge -composite \\) -fx \'u*.2+v*.8\''], [False, 'Pointilism', '-spread 10 -noise 3'], [False, 'Pixellate', '-scale 3% -scale 3333%']]'
INFO: 2020-02-01 19:03:36,211: log_options() 'icon = Light'
INFO: 2020-02-01 19:03:36,211: log_options() 'lightness_enabled = False'
INFO: 2020-02-01 19:03:36,211: log_options() 'lightness_mode = 0'
INFO: 2020-02-01 19:03:36,212: log_options() 'min_rating = 4'
INFO: 2020-02-01 19:03:36,212: log_options() 'min_rating_enabled = False'
INFO: 2020-02-01 19:03:36,212: log_options() 'min_size = 80'
INFO: 2020-02-01 19:03:36,212: log_options() 'min_size_enabled = True'
INFO: 2020-02-01 19:03:36,212: log_options() 'quota_enabled = False'
INFO: 2020-02-01 19:03:36,212: log_options() 'quota_size = 500'
INFO: 2020-02-01 19:03:36,212: log_options() 'quotes_authors = '
INFO: 2020-02-01 19:03:36,212: log_options() 'quotes_bg_color = [80, 80, 80]'
INFO: 2020-02-01 19:03:36,213: log_options() 'quotes_bg_opacity = 55'
INFO: 2020-02-01 19:03:36,213: log_options() 'quotes_change_enabled = False'
INFO: 2020-02-01 19:03:36,213: log_options() 'quotes_change_interval = 300'
INFO: 2020-02-01 19:03:36,213: log_options() 'quotes_disabled_sources = ['QuotesDaddy', 'Urban Dictionary']'
INFO: 2020-02-01 19:03:36,213: log_options() 'quotes_enabled = False'
INFO: 2020-02-01 19:03:36,213: log_options() 'quotes_favorites_file = /home/paarangatj/.config/variety/favorite_quotes.txt'
INFO: 2020-02-01 19:03:36,213: log_options() 'quotes_font = Bitstream Charter 30'
INFO: 2020-02-01 19:03:36,213: log_options() 'quotes_hpos = 100'
INFO: 2020-02-01 19:03:36,213: log_options() 'quotes_max_length = 250'
INFO: 2020-02-01 19:03:36,213: log_options() 'quotes_tags = '
INFO: 2020-02-01 19:03:36,214: log_options() 'quotes_text_color = [255, 255, 255]'
INFO: 2020-02-01 19:03:36,214: log_options() 'quotes_text_shadow = False'
INFO: 2020-02-01 19:03:36,214: log_options() 'quotes_vpos = 40'
INFO: 2020-02-01 19:03:36,214: log_options() 'quotes_width = 70'
INFO: 2020-02-01 19:03:36,214: log_options() 'safe_mode = False'
INFO: 2020-02-01 19:03:36,214: log_options() 'slideshow_custom_enabled = False'
INFO: 2020-02-01 19:03:36,214: log_options() 'slideshow_custom_folder = /home/paarangatj/Pictures'
INFO: 2020-02-01 19:03:36,214: log_options() 'slideshow_downloads_enabled = False'
INFO: 2020-02-01 19:03:36,215: log_options() 'slideshow_fade = 0.4'
INFO: 2020-02-01 19:03:36,215: log_options() 'slideshow_favorites_enabled = True'
INFO: 2020-02-01 19:03:36,215: log_options() 'slideshow_mode = Fullscreen'
INFO: 2020-02-01 19:03:36,215: log_options() 'slideshow_monitor = All'
INFO: 2020-02-01 19:03:36,215: log_options() 'slideshow_pan = 0.05'
INFO: 2020-02-01 19:03:36,215: log_options() 'slideshow_seconds = 6.0'
INFO: 2020-02-01 19:03:36,215: log_options() 'slideshow_sort_order = Random'
INFO: 2020-02-01 19:03:36,215: log_options() 'slideshow_sources_enabled = True'
INFO: 2020-02-01 19:03:36,215: log_options() 'slideshow_zoom = 0.2'
INFO: 2020-02-01 19:03:36,215: log_options() 'smart_enabled = False'
INFO: 2020-02-01 19:03:36,216: log_options() 'smart_notice_shown = True'
INFO: 2020-02-01 19:03:36,216: log_options() 'smart_register_shown = False'
INFO: 2020-02-01 19:03:36,216: log_options() 'sources = [[True, 'favorites', 'The Favorites folder'], [False, 'fetched', 'The Fetched folder'], [False, 'folder', '/usr/share/backgrounds'], [False, 'desktoppr', 'Random wallpapers from Desktoppr.co'], [False, 'bing', 'Bing Photo of the Day'], [False, 'unsplash', 'High-resolution photos from Unsplash.com'], [False, 'apod', "NASA's Astronomy Picture of the Day"], [False, 'earth', 'World Sunlight Map - live wallpaper from Die.net'], [False, 'flickr', 'user:www.flickr.com/photos/peter-levi/;user_id:93647178@N00;'], [True, 'chromeos', 'Chrome OS Wallpapers'], [True, 'earthview', 'Google Earth View Wallpapers']]'
INFO: 2020-02-01 19:03:36,216: log_options() 'stats_enabled = True'
INFO: 2020-02-01 19:03:36,216: log_options() 'stats_notice_shown = True'
INFO: 2020-02-01 19:03:36,216: log_options() 'sync_enabled = True'
INFO: 2020-02-01 19:03:36,216: log_options() 'use_landscape_enabled = True'
INFO: 2020-02-01 19:03:36,216: reload_config() 'No need to clear prepared queue'
INFO: 2020-02-01 19:03:36,217: update_indicator() 'Setting file info to: /home/paarangatj/.config/variety/Favorites/soulsequencer-carbon-orange-3840x2160-4k.jpg'
INFO: 2020-02-01 19:03:36,230: load_last_change_time() 'Change interval < 6 hours, ignore persisted last_change_time, wait initially the whole interval: 300'
INFO: 2020-02-01 19:03:36,231: update_indicator() 'Setting file info to: /home/paarangatj/.config/variety/Favorites/soulsequencer-carbon-orange-3840x2160-4k.jpg'
INFO: 2020-02-01 19:03:36,232: regular_change_thread() 'regular_change thread running'
INFO: 2020-02-01 19:03:36,233: prepare_thread() 'Prepare thread running'
INFO: 2020-02-01 19:03:36,233: prepare_thread() 'Prepared buffer contains 0 images'
INFO: 2020-02-01 19:03:36,233: prepare_thread() 'Preparing some images'
INFO: 2020-02-01 19:03:36,236: get_throttling() 'Chrome OS Wallpapers: parsing serverside options'
INFO: 2020-02-01 19:03:36,236: get_throttling() 'Could not parse Chrome OS Wallpapers serverside options, using defaults None, None'
INFO: 2020-02-01 19:03:36,237: get_throttling() 'Chrome OS Wallpapers: parsing serverside options'
INFO: 2020-02-01 19:03:36,237: get_throttling() 'Could not parse Chrome OS Wallpapers serverside options, using defaults None, None'
INFO: 2020-02-01 19:03:36,237: download_one() 'Chrome OS Wallpapers: Downloading an image, config: None'
INFO: 2020-02-01 19:03:36,237: download_one() 'Chrome OS Wallpapers: Queue size: 0'
INFO: 2020-02-01 19:03:36,237: get_throttling() 'Chrome OS Wallpapers: parsing serverside options'
INFO: 2020-02-01 19:03:36,237: get_throttling() 'Could not parse Chrome OS Wallpapers serverside options, using defaults None, None'
INFO: 2020-02-01 19:03:36,238: download_one() 'Chrome OS Wallpapers: Filling queue'
INFO: 2020-02-01 19:03:36,250: update_indicator_icon() 'Creating indicator'
WARNING: 2020-02-01 19:03:36,299: create_menu() 'Variety Slideshow is not installed. This is an optional extension adding pan-and-zoom slideshows to Variety: see https://github.com/peterlevi/variety-slideshow for details'
INFO: 2020-02-01 19:03:36,302: create_indicator() 'indicator backend: AppIndicator3'
INFO: 2020-02-01 19:03:36,335: do_set_wp() 'Calling do_set_wp with /home/paarangatj/.config/variety/Favorites/soulsequencer-carbon-orange-3840x2160-4k.jpg, time: 1580544216.3357532'
INFO: 2020-02-01 19:03:36,340: trigger_download() 'Triggering download thread to check if download needed'
INFO: 2020-02-01 19:03:36,340: prepare_thread() 'After search prepared buffer contains 1 images'
INFO: 2020-02-01 19:03:36,416: update_indicator() 'Setting file info to: /home/paarangatj/.config/variety/Favorites/soulsequencer-carbon-orange-3840x2160-4k.jpg'
INFO: 2020-02-01 19:03:36,476: set_from_theme_icon() 'Showing indicator icon variety-indicator from GTK theme'
INFO: 2020-02-01 19:03:36,489: process_command() 'Received command: ['--resume']'
INFO: 2020-02-01 19:03:36,494: process_command() 'Received command: ['--resume']'
INFO: 2020-02-01 19:03:36,508: process_command() 'Received command: ['--resume']'
INFO: 2020-02-01 19:03:36,589: update_indicator() 'Setting file info to: /home/paarangatj/.config/variety/Favorites/soulsequencer-carbon-orange-3840x2160-4k.jpg'
INFO: 2020-02-01 19:03:36,630: update_indicator() 'Setting file info to: /home/paarangatj/.config/variety/Favorites/soulsequencer-carbon-orange-3840x2160-4k.jpg'
INFO: 2020-02-01 19:03:36,641: process_command() 'Received command: ['--resume']'
INFO: 2020-02-01 19:03:36,778: update_indicator() 'Setting file info to: /home/paarangatj/.config/variety/Favorites/soulsequencer-carbon-orange-3840x2160-4k.jpg'
INFO: 2020-02-01 19:03:36,790: process_command() 'Received command: ['--resume']'
INFO: 2020-02-01 19:03:36,801: update_indicator() 'Setting file info to: /home/paarangatj/.config/variety/Favorites/soulsequencer-carbon-orange-3840x2160-4k.jpg'
INFO: 2020-02-01 19:03:36,808: process_command() 'Received command: ['--resume']'
INFO: 2020-02-01 19:03:36,841: update_indicator() 'Setting file info to: /home/paarangatj/.config/variety/Favorites/soulsequencer-carbon-orange-3840x2160-4k.jpg'
INFO: 2020-02-01 19:03:36,890: process_command() 'Received command: ['--resume']'
INFO: 2020-02-01 19:03:36,943: download_one() 'Chrome OS Wallpapers: Queue populated with 158 URLs'
INFO: 2020-02-01 19:03:36,943: save_locally() 'Origin URL: https://lh3.ggpht.com/KyN1DnEl63kcDsnwaTAUCzdnN6NI2lvARFcc0RluAxs51mWZNAtbtgdPIH3quzWNEbQy7PoeBF4XtpM6BX9RbjeJq0rl-jGn-KtG0Wcv'
INFO: 2020-02-01 19:03:36,944: save_locally() 'Image URL: https://storage.googleapis.com/chromeos-wallpaper-public/20140528-171137_earth-170_high_resolution.jpg'
INFO: 2020-02-01 19:03:36,951: save_locally() 'Local path: /home/paarangatj/.config/variety/Downloaded/Chrome OS Wallpapers/20140528-171137_earth-170_high_resolution.jpg'
INFO: 2020-02-01 19:03:36,952: update_indicator() 'Setting file info to: /home/paarangatj/.config/variety/Favorites/soulsequencer-carbon-orange-3840x2160-4k.jpg'
INFO: 2020-02-01 19:03:36,965: process_command() 'Received command: ['--resume']'
INFO: 2020-02-01 19:03:36,978: update_indicator() 'Setting file info to: /home/paarangatj/.config/variety/Favorites/soulsequencer-carbon-orange-3840x2160-4k.jpg'
INFO: 2020-02-01 19:03:36,988: process_command() 'Received command: ['--resume']'
INFO: 2020-02-01 19:03:37,060: update_indicator() 'Setting file info to: /home/paarangatj/.config/variety/Favorites/soulsequencer-carbon-orange-3840x2160-4k.jpg'
INFO: 2020-02-01 19:03:37,097: update_indicator() 'Setting file info to: /home/paarangatj/.config/variety/Favorites/soulsequencer-carbon-orange-3840x2160-4k.jpg'
INFO: 2020-02-01 19:03:37,615: save_locally() 'Download complete'
INFO: 2020-02-01 19:03:37,615: update_indicator() 'Setting file info to: /home/paarangatj/.config/variety/Favorites/soulsequencer-carbon-orange-3840x2160-4k.jpg'
INFO: 2020-02-01 19:03:37,617: download_one_from() 'Adding downloaded file /home/paarangatj/.config/variety/Downloaded/Chrome OS Wallpapers/20140528-171137_earth-170_high_resolution.jpg to unseen_downloads'
INFO: 2020-02-01 19:03:38,277: reload() 'Reloading preferences dialog'
INFO: 2020-02-01 19:03:38,350: download_one() 'Downloading world sunlight map from https://www.die.net/earth/'
INFO: 2020-02-01 19:03:38,350: save_locally() 'Origin URL: https://www.die.net/earth/'
INFO: 2020-02-01 19:03:38,350: save_locally() 'Image URL: https://static.die.net/earth/mercator/1600.jpg'
INFO: 2020-02-01 19:03:38,350: save_locally() 'Local path: /home/paarangatj/.config/variety/Downloaded/Earth/1600.jpg'
INFO: 2020-02-01 19:03:38,385: trigger_download() 'Triggering download thread to check if download needed'
INFO: 2020-02-01 19:03:38,619: get_throttling() 'Earth View: parsing serverside options'
INFO: 2020-02-01 19:03:38,619: get_throttling() 'Could not parse Earth View serverside options, using defaults 20, None'
INFO: 2020-02-01 19:03:38,619: get_throttling() 'Earth View: parsing serverside options'
INFO: 2020-02-01 19:03:38,619: get_throttling() 'Could not parse Earth View serverside options, using defaults 20, None'
INFO: 2020-02-01 19:03:38,619: download_one() 'Earth View: Downloading an image, config: None'
INFO: 2020-02-01 19:03:38,619: download_one() 'Earth View: Queue size: 0'
INFO: 2020-02-01 19:03:38,619: get_throttling() 'Earth View: parsing serverside options'
INFO: 2020-02-01 19:03:38,619: get_throttling() 'Could not parse Earth View serverside options, using defaults 20, None'
INFO: 2020-02-01 19:03:38,619: download_one() 'Earth View: Filling queue'
INFO: 2020-02-01 19:03:39,047: update_indicator() 'Setting file info to: /home/paarangatj/.config/variety/Favorites/soulsequencer-carbon-orange-3840x2160-4k.jpg'
INFO: 2020-02-01 19:03:39,325: download_one() 'Earth View: Queue populated with 1511 URLs'
INFO: 2020-02-01 19:03:39,326: save_locally() 'Origin URL: https://earthview.withgoogle.com/6262'
INFO: 2020-02-01 19:03:39,326: save_locally() 'Image URL: https://www.gstatic.com/prettyearth/assets/full/6262.jpg'
INFO: 2020-02-01 19:03:39,326: save_locally() 'Local path: /home/paarangatj/.config/variety/Downloaded/Earth View/Al Wahat, Libya (ID-6262).jpg'
INFO: 2020-02-01 19:03:39,665: save_locally() 'Download complete'
INFO: 2020-02-01 19:03:39,665: update_indicator() 'Setting file info to: /home/paarangatj/.config/variety/Favorites/soulsequencer-carbon-orange-3840x2160-4k.jpg'
INFO: 2020-02-01 19:03:39,667: list_files() 'More than 1 files in the folders, stop listing'
INFO: 2020-02-01 19:03:39,674: download_one_from() 'Adding downloaded file /home/paarangatj/.config/variety/Downloaded/Earth View/Al Wahat, Libya (ID-6262).jpg to unseen_downloads'
INFO: 2020-02-01 19:03:40,128: save_locally() 'Download complete'
INFO: 2020-02-01 19:03:40,676: get_throttling() 'Chrome OS Wallpapers: parsing serverside options'
INFO: 2020-02-01 19:03:40,676: get_throttling() 'Could not parse Chrome OS Wallpapers serverside options, using defaults None, None'
INFO: 2020-02-01 19:03:40,676: get_throttling() 'Chrome OS Wallpapers: parsing serverside options'
INFO: 2020-02-01 19:03:40,677: get_throttling() 'Could not parse Chrome OS Wallpapers serverside options, using defaults None, None'
INFO: 2020-02-01 19:03:40,677: download_one() 'Chrome OS Wallpapers: Downloading an image, config: None'
INFO: 2020-02-01 19:03:40,677: download_one() 'Chrome OS Wallpapers: Queue size: 157'
INFO: 2020-02-01 19:03:40,677: download_one() 'Chrome OS Wallpapers: Queue populated with 157 URLs'
INFO: 2020-02-01 19:03:40,678: save_locally() 'Origin URL: https://lh6.ggpht.com/Rc9eCp_h6ku6npSOjSqcFyVTkB8pjunoI3oPkbFzWOal5Zd9_2lPz09AbPyD5-3CTDHFDuwIlOWBDKV49bHrdzYMK3Qh5ML8ot2uaZvz4Q'
INFO: 2020-02-01 19:03:40,678: save_locally() 'Image URL: https://storage.googleapis.com/chromeos-wallpaper-public/20130206-211544_image (26)_high_resolution.jpg'
INFO: 2020-02-01 19:03:40,678: save_locally() 'Local path: /home/paarangatj/.config/variety/Downloaded/Chrome OS Wallpapers/20130206-211544_image (26)_high_resolution.jpg'
INFO: 2020-02-01 19:03:41,144: save_locally() 'Download complete'
INFO: 2020-02-01 19:03:41,145: update_indicator() 'Setting file info to: /home/paarangatj/.config/variety/Favorites/soulsequencer-carbon-orange-3840x2160-4k.jpg'
INFO: 2020-02-01 19:03:41,149: list_files() 'More than 1 files in the folders, stop listing'
INFO: 2020-02-01 19:03:41,161: download_one_from() 'Adding downloaded file /home/paarangatj/.config/variety/Downloaded/Chrome OS Wallpapers/20130206-211544_image (26)_high_resolution.jpg to unseen_downloads'
INFO: 2020-02-01 19:03:42,165: get_throttling() 'Earth View: parsing serverside options'
INFO: 2020-02-01 19:03:42,166: get_throttling() 'Could not parse Earth View serverside options, using defaults 20, None'
INFO: 2020-02-01 19:03:42,166: get_throttling() 'Earth View: parsing serverside options'
INFO: 2020-02-01 19:03:42,166: get_throttling() 'Could not parse Earth View serverside options, using defaults 20, None'
INFO: 2020-02-01 19:03:42,166: download_one() 'Earth View: Downloading an image, config: None'
INFO: 2020-02-01 19:03:42,167: download_one() 'Earth View: Queue size: 1510'
INFO: 2020-02-01 19:03:42,167: download_one() 'Earth View: Queue populated with 1510 URLs'
INFO: 2020-02-01 19:03:42,167: save_locally() 'Origin URL: https://earthview.withgoogle.com/5859'
INFO: 2020-02-01 19:03:42,168: save_locally() 'Image URL: https://www.gstatic.com/prettyearth/assets/full/5859.jpg'
INFO: 2020-02-01 19:03:42,168: save_locally() 'Local path: /home/paarangatj/.config/variety/Downloaded/Earth View/Farina, Australia (ID-5859).jpg'
INFO: 2020-02-01 19:03:42,680: save_locally() 'Download complete'
INFO: 2020-02-01 19:03:42,681: update_indicator() 'Setting file info to: /home/paarangatj/.config/variety/Favorites/soulsequencer-carbon-orange-3840x2160-4k.jpg'
INFO: 2020-02-01 19:03:42,683: list_files() 'More than 1 files in the folders, stop listing'
INFO: 2020-02-01 19:03:42,688: download_one_from() 'Adding downloaded file /home/paarangatj/.config/variety/Downloaded/Earth View/Farina, Australia (ID-5859).jpg to unseen_downloads'
INFO: 2020-02-01 19:03:43,690: get_throttling() 'Chrome OS Wallpapers: parsing serverside options'
INFO: 2020-02-01 19:03:43,691: get_throttling() 'Could not parse Chrome OS Wallpapers serverside options, using defaults None, None'
INFO: 2020-02-01 19:03:43,691: get_throttling() 'Chrome OS Wallpapers: parsing serverside options'
INFO: 2020-02-01 19:03:43,692: get_throttling() 'Could not parse Chrome OS Wallpapers serverside options, using defaults None, None'
INFO: 2020-02-01 19:03:43,692: download_one() 'Chrome OS Wallpapers: Downloading an image, config: None'
INFO: 2020-02-01 19:03:43,692: download_one() 'Chrome OS Wallpapers: Queue size: 156'
INFO: 2020-02-01 19:03:43,692: download_one() 'Chrome OS Wallpapers: Queue populated with 156 URLs'
INFO: 2020-02-01 19:03:43,693: save_locally() 'Origin URL: https://lh3.ggpht.com/QfrRU9B1cmVngdILaBt9I3tULz_b56s8Fv2lrcgllpJBKx67XEuP4J8r46vsSuyycaUMixLwLlE8HT3nUKJ4djQouAsAPnQjdA8Qz1Ht'
INFO: 2020-02-01 19:03:43,693: save_locally() 'Image URL: https://storage.googleapis.com/chromeos-wallpaper-public/20130507-163911_Cherry-blossoms_high_resolution.jpg'
INFO: 2020-02-01 19:03:43,693: save_locally() 'Local path: /home/paarangatj/.config/variety/Downloaded/Chrome OS Wallpapers/20130507-163911_Cherry-blossoms_high_resolution.jpg'
INFO: 2020-02-01 19:03:44,133: save_locally() 'Download complete'
INFO: 2020-02-01 19:03:44,134: update_indicator() 'Setting file info to: /home/paarangatj/.config/variety/Favorites/soulsequencer-carbon-orange-3840x2160-4k.jpg'
INFO: 2020-02-01 19:03:44,138: list_files() 'More than 1 files in the folders, stop listing'
INFO: 2020-02-01 19:03:44,138: download_one_from() 'Adding downloaded file /home/paarangatj/.config/variety/Downloaded/Chrome OS Wallpapers/20130507-163911_Cherry-blossoms_high_resolution.jpg to unseen_downloads'
INFO: 2020-02-01 19:03:45,141: get_throttling() 'Earth View: parsing serverside options'
INFO: 2020-02-01 19:03:45,141: get_throttling() 'Could not parse Earth View serverside options, using defaults 20, None'
INFO: 2020-02-01 19:03:45,142: get_throttling() 'Earth View: parsing serverside options'
INFO: 2020-02-01 19:03:45,142: get_throttling() 'Could not parse Earth View serverside options, using defaults 20, None'
INFO: 2020-02-01 19:03:45,142: download_one() 'Earth View: Downloading an image, config: None'
INFO: 2020-02-01 19:03:45,143: download_one() 'Earth View: Queue size: 1509'
INFO: 2020-02-01 19:03:45,143: download_one() 'Earth View: Queue populated with 1509 URLs'
INFO: 2020-02-01 19:03:45,143: save_locally() 'Origin URL: https://earthview.withgoogle.com/6527'
INFO: 2020-02-01 19:03:45,144: save_locally() 'Image URL: https://www.gstatic.com/prettyearth/assets/full/6527.jpg'
INFO: 2020-02-01 19:03:45,144: save_locally() 'Local path: /home/paarangatj/.config/variety/Downloaded/Earth View/Birjand, Iran (ID-6527).jpg'
INFO: 2020-02-01 19:03:45,950: save_locally() 'Download complete'
INFO: 2020-02-01 19:03:45,950: update_indicator() 'Setting file info to: /home/paarangatj/.config/variety/Favorites/soulsequencer-carbon-orange-3840x2160-4k.jpg'
INFO: 2020-02-01 19:03:45,953: list_files() 'More than 1 files in the folders, stop listing'
INFO: 2020-02-01 19:03:45,954: download_one_from() 'Adding downloaded file /home/paarangatj/.config/variety/Downloaded/Earth View/Birjand, Iran (ID-6527).jpg to unseen_downloads'
INFO: 2020-02-01 19:03:46,956: get_throttling() 'Chrome OS Wallpapers: parsing serverside options'
INFO: 2020-02-01 19:03:46,957: get_throttling() 'Could not parse Chrome OS Wallpapers serverside options, using defaults None, None'
INFO: 2020-02-01 19:03:46,958: get_throttling() 'Chrome OS Wallpapers: parsing serverside options'
INFO: 2020-02-01 19:03:46,958: get_throttling() 'Could not parse Chrome OS Wallpapers serverside options, using defaults None, None'
INFO: 2020-02-01 19:03:46,959: download_one() 'Chrome OS Wallpapers: Downloading an image, config: None'
INFO: 2020-02-01 19:03:46,959: download_one() 'Chrome OS Wallpapers: Queue size: 155'
INFO: 2020-02-01 19:03:46,959: download_one() 'Chrome OS Wallpapers: Queue populated with 155 URLs'
INFO: 2020-02-01 19:03:46,960: save_locally() 'Origin URL: https://lh3.ggpht.com/uFJt3uFQEYAtT_T-YwWYiIFrCQv4KATyQ2oCdrz9ir91dLEjed5gxVnE-wkoo2ywHPASQduOeSv8bI3e_RkoIi-RTYEkkwlzN9zu7tc'
INFO: 2020-02-01 19:03:46,960: save_locally() 'Image URL: https://storage.googleapis.com/chromeos-wallpaper-public/20140527-174522_earth-056_high_resolution.jpg'
INFO: 2020-02-01 19:03:46,960: save_locally() 'Local path: /home/paarangatj/.config/variety/Downloaded/Chrome OS Wallpapers/20140527-174522_earth-056_high_resolution.jpg'
INFO: 2020-02-01 19:03:47,652: save_locally() 'Download complete'
INFO: 2020-02-01 19:03:47,653: update_indicator() 'Setting file info to: /home/paarangatj/.config/variety/Favorites/soulsequencer-carbon-orange-3840x2160-4k.jpg'
INFO: 2020-02-01 19:03:47,658: list_files() 'More than 1 files in the folders, stop listing'
INFO: 2020-02-01 19:03:47,665: download_one_from() 'Adding downloaded file /home/paarangatj/.config/variety/Downloaded/Chrome OS Wallpapers/20140527-174522_earth-056_high_resolution.jpg to unseen_downloads'
INFO: 2020-02-01 19:03:48,667: get_throttling() 'Earth View: parsing serverside options'
INFO: 2020-02-01 19:03:48,668: get_throttling() 'Could not parse Earth View serverside options, using defaults 20, None'
INFO: 2020-02-01 19:03:48,668: get_throttling() 'Earth View: parsing serverside options'
INFO: 2020-02-01 19:03:48,669: get_throttling() 'Could not parse Earth View serverside options, using defaults 20, None'
INFO: 2020-02-01 19:03:48,669: download_one() 'Earth View: Downloading an image, config: None'
INFO: 2020-02-01 19:03:48,669: download_one() 'Earth View: Queue size: 1508'
INFO: 2020-02-01 19:03:48,669: download_one() 'Earth View: Queue populated with 1508 URLs'
INFO: 2020-02-01 19:03:48,670: save_locally() 'Origin URL: https://earthview.withgoogle.com/6503'
INFO: 2020-02-01 19:03:48,670: save_locally() 'Image URL: https://www.gstatic.com/prettyearth/assets/full/6503.jpg'
INFO: 2020-02-01 19:03:48,670: save_locally() 'Local path: /home/paarangatj/.config/variety/Downloaded/Earth View/Moudjeria, Mauritania (ID-6503).jpg'
INFO: 2020-02-01 19:03:49,149: save_locally() 'Download complete'
INFO: 2020-02-01 19:03:49,150: update_indicator() 'Setting file info to: /home/paarangatj/.config/variety/Favorites/soulsequencer-carbon-orange-3840x2160-4k.jpg'
INFO: 2020-02-01 19:03:49,151: list_files() 'More than 1 files in the folders, stop listing'
INFO: 2020-02-01 19:03:49,152: download_one_from() 'Adding downloaded file /home/paarangatj/.config/variety/Downloaded/Earth View/Moudjeria, Mauritania (ID-6503).jpg to unseen_downloads'
INFO: 2020-02-01 19:03:50,155: get_throttling() 'Chrome OS Wallpapers: parsing serverside options'
INFO: 2020-02-01 19:03:50,155: get_throttling() 'Could not parse Chrome OS Wallpapers serverside options, using defaults None, None'
INFO: 2020-02-01 19:03:50,157: get_throttling() 'Chrome OS Wallpapers: parsing serverside options'
INFO: 2020-02-01 19:03:50,157: get_throttling() 'Could not parse Chrome OS Wallpapers serverside options, using defaults None, None'
INFO: 2020-02-01 19:03:50,158: download_one() 'Chrome OS Wallpapers: Downloading an image, config: None'
INFO: 2020-02-01 19:03:50,158: download_one() 'Chrome OS Wallpapers: Queue size: 154'
INFO: 2020-02-01 19:03:50,158: download_one() 'Chrome OS Wallpapers: Queue populated with 154 URLs'
INFO: 2020-02-01 19:03:50,159: save_locally() 'Origin URL: https://lh3.ggpht.com/GSaK9YNzUdLDu_eCnL222XaB2YzXPY4_m7FbmgNilOX7D4pFVTQ7_jZMCdrA3V5zNS6xEjUWRHDXJatbU0ciHJ9kFog8uy5vuqP9y5Ol'
INFO: 2020-02-01 19:03:50,159: save_locally() 'Image URL: https://storage.googleapis.com/chromeos-wallpaper-public/20130206-215900_image (2)33_high_resolution.jpg'
INFO: 2020-02-01 19:03:50,160: save_locally() 'Local path: /home/paarangatj/.config/variety/Downloaded/Chrome OS Wallpapers/20130206-215900_image (2)33_high_resolution.jpg'
INFO: 2020-02-01 19:03:50,663: save_locally() 'Download complete'
INFO: 2020-02-01 19:03:50,664: update_indicator() 'Setting file info to: /home/paarangatj/.config/variety/Favorites/soulsequencer-carbon-orange-3840x2160-4k.jpg'
INFO: 2020-02-01 19:03:50,665: list_files() 'More than 1 files in the folders, stop listing'
INFO: 2020-02-01 19:03:50,671: download_one_from() 'Adding downloaded file /home/paarangatj/.config/variety/Downloaded/Chrome OS Wallpapers/20130206-215900_image (2)33_high_resolution.jpg to unseen_downloads'
INFO: 2020-02-01 19:03:51,674: get_throttling() 'Earth View: parsing serverside options'
INFO: 2020-02-01 19:03:51,674: get_throttling() 'Could not parse Earth View serverside options, using defaults 20, None'
INFO: 2020-02-01 19:03:51,675: get_throttling() 'Earth View: parsing serverside options'
INFO: 2020-02-01 19:03:51,675: get_throttling() 'Could not parse Earth View serverside options, using defaults 20, None'
INFO: 2020-02-01 19:03:51,676: download_one() 'Earth View: Downloading an image, config: None'
INFO: 2020-02-01 19:03:51,676: download_one() 'Earth View: Queue size: 1507'
INFO: 2020-02-01 19:03:51,676: download_one() 'Earth View: Queue populated with 1507 URLs'
INFO: 2020-02-01 19:03:51,677: save_locally() 'Origin URL: https://earthview.withgoogle.com/5870'
INFO: 2020-02-01 19:03:51,677: save_locally() 'Image URL: https://www.gstatic.com/prettyearth/assets/full/5870.jpg'
INFO: 2020-02-01 19:03:51,678: save_locally() 'Local path: /home/paarangatj/.config/variety/Downloaded/Earth View/Rostock, Germany (ID-5870).jpg'
INFO: 2020-02-01 19:03:52,228: save_locally() 'Download complete'
INFO: 2020-02-01 19:03:52,229: update_indicator() 'Setting file info to: /home/paarangatj/.config/variety/Favorites/soulsequencer-carbon-orange-3840x2160-4k.jpg'
INFO: 2020-02-01 19:03:52,232: list_files() 'More than 1 files in the folders, stop listing'
INFO: 2020-02-01 19:03:52,238: download_one_from() 'Adding downloaded file /home/paarangatj/.config/variety/Downloaded/Earth View/Rostock, Germany (ID-5870).jpg to unseen_downloads'
INFO: 2020-02-01 19:03:53,239: get_throttling() 'Chrome OS Wallpapers: parsing serverside options'
INFO: 2020-02-01 19:03:53,239: get_throttling() 'Could not parse Chrome OS Wallpapers serverside options, using defaults None, None'
INFO: 2020-02-01 19:03:53,240: get_throttling() 'Chrome OS Wallpapers: parsing serverside options'
INFO: 2020-02-01 19:03:53,240: get_throttling() 'Could not parse Chrome OS Wallpapers serverside options, using defaults None, None'
INFO: 2020-02-01 19:03:53,240: download_one() 'Chrome OS Wallpapers: Downloading an image, config: None'
INFO: 2020-02-01 19:03:53,241: download_one() 'Chrome OS Wallpapers: Queue size: 153'
INFO: 2020-02-01 19:03:53,241: download_one() 'Chrome OS Wallpapers: Queue populated with 153 URLs'
INFO: 2020-02-01 19:03:53,242: save_locally() 'Origin URL: https://lh5.ggpht.com/NYFMBu3pm14N_cri_TY2YPOiAXLtA9eBkj-o6A7OxChgLOkBmUjuOvqDfJLiHw1S6SlRAUHVfRpd5wXJAAoNjRRusUUdwNQ53F8w3J4G'
INFO: 2020-02-01 19:03:53,242: save_locally() 'Image URL: https://storage.googleapis.com/chromeos-wallpaper-public/20140527-162816_earth-005_high_resolution.jpg'
INFO: 2020-02-01 19:03:53,243: save_locally() 'Local path: /home/paarangatj/.config/variety/Downloaded/Chrome OS Wallpapers/20140527-162816_earth-005_high_resolution.jpg'
INFO: 2020-02-01 19:03:53,836: save_locally() 'Download complete'
INFO: 2020-02-01 19:03:53,836: update_indicator() 'Setting file info to: /home/paarangatj/.config/variety/Favorites/soulsequencer-carbon-orange-3840x2160-4k.jpg'
INFO: 2020-02-01 19:03:53,840: list_files() 'More than 1 files in the folders, stop listing'
INFO: 2020-02-01 19:03:53,849: download_one_from() 'Adding downloaded file /home/paarangatj/.config/variety/Downloaded/Chrome OS Wallpapers/20140527-162816_earth-005_high_resolution.jpg to unseen_downloads'
INFO: 2020-02-01 19:03:54,852: get_throttling() 'Earth View: parsing serverside options'
INFO: 2020-02-01 19:03:54,852: get_throttling() 'Could not parse Earth View serverside options, using defaults 20, None'
INFO: 2020-02-01 19:03:54,853: get_throttling() 'Earth View: parsing serverside options'
INFO: 2020-02-01 19:03:54,853: get_throttling() 'Could not parse Earth View serverside options, using defaults 20, None'
INFO: 2020-02-01 19:03:54,853: download_one() 'Earth View: Downloading an image, config: None'
INFO: 2020-02-01 19:03:54,853: download_one() 'Earth View: Queue size: 1506'
INFO: 2020-02-01 19:03:54,854: download_one() 'Earth View: Queue populated with 1506 URLs'
INFO: 2020-02-01 19:03:54,854: save_locally() 'Origin URL: https://earthview.withgoogle.com/1608'
INFO: 2020-02-01 19:03:54,855: save_locally() 'Image URL: https://www.gstatic.com/prettyearth/assets/full/1608.jpg'
INFO: 2020-02-01 19:03:54,855: save_locally() 'Local path: /home/paarangatj/.config/variety/Downloaded/Earth View/Beas, Spain (ID-1608).jpg'
INFO: 2020-02-01 19:03:55,422: save_locally() 'Download complete'
INFO: 2020-02-01 19:03:55,422: update_indicator() 'Setting file info to: /home/paarangatj/.config/variety/Favorites/soulsequencer-carbon-orange-3840x2160-4k.jpg'
INFO: 2020-02-01 19:03:55,424: list_files() 'More than 1 files in the folders, stop listing'
INFO: 2020-02-01 19:03:55,428: download_one_from() 'Adding downloaded file /home/paarangatj/.config/variety/Downloaded/Earth View/Beas, Spain (ID-1608).jpg to unseen_downloads'
INFO: 2020-02-01 19:03:56,261: server_options_thread() 'Fetching server options from http://tiny.cc/variety-options-063'
INFO: 2020-02-01 19:03:56,430: get_throttling() 'Chrome OS Wallpapers: parsing serverside options'
INFO: 2020-02-01 19:03:56,431: get_throttling() 'Could not parse Chrome OS Wallpapers serverside options, using defaults None, None'
INFO: 2020-02-01 19:03:56,431: get_throttling() 'Chrome OS Wallpapers: parsing serverside options'
INFO: 2020-02-01 19:03:56,432: get_throttling() 'Could not parse Chrome OS Wallpapers serverside options, using defaults None, None'
INFO: 2020-02-01 19:03:56,432: download_one() 'Chrome OS Wallpapers: Downloading an image, config: None'
INFO: 2020-02-01 19:03:56,432: download_one() 'Chrome OS Wallpapers: Queue size: 152'
INFO: 2020-02-01 19:03:56,432: download_one() 'Chrome OS Wallpapers: Queue populated with 152 URLs'
INFO: 2020-02-01 19:03:56,433: save_locally() 'Origin URL: https://lh6.ggpht.com/48s4IwYKXJEi-E217jdmtBsnUqvAo6u-lp_-XCOQHQ4U5woAXxcCEK4M4snBRE71N77AQDEFATqntRiDD5LVRDQ6MhWzD7EuJbepQq82'
INFO: 2020-02-01 19:03:56,433: save_locally() 'Image URL: https://storage.googleapis.com/chromeos-wallpaper-public/20140527-165933_earth-046_high_resolution.jpg'
INFO: 2020-02-01 19:03:56,433: save_locally() 'Local path: /home/paarangatj/.config/variety/Downloaded/Chrome OS Wallpapers/20140527-165933_earth-046_high_resolution.jpg'
INFO: 2020-02-01 19:03:57,112: save_locally() 'Download complete'
INFO: 2020-02-01 19:03:57,112: update_indicator() 'Setting file info to: /home/paarangatj/.config/variety/Favorites/soulsequencer-carbon-orange-3840x2160-4k.jpg'
INFO: 2020-02-01 19:03:57,114: list_files() 'More than 1 files in the folders, stop listing'
INFO: 2020-02-01 19:03:57,118: download_one_from() 'Adding downloaded file /home/paarangatj/.config/variety/Downloaded/Chrome OS Wallpapers/20140527-165933_earth-046_high_resolution.jpg to unseen_downloads'
INFO: 2020-02-01 19:03:58,121: get_throttling() 'Earth View: parsing serverside options'
INFO: 2020-02-01 19:03:58,122: get_throttling() 'Could not parse Earth View serverside options, using defaults 20, None'
INFO: 2020-02-01 19:03:58,122: get_throttling() 'Earth View: parsing serverside options'
INFO: 2020-02-01 19:03:58,122: get_throttling() 'Could not parse Earth View serverside options, using defaults 20, None'
INFO: 2020-02-01 19:03:58,122: download_one() 'Earth View: Downloading an image, config: None'
INFO: 2020-02-01 19:03:58,123: download_one() 'Earth View: Queue size: 1505'
INFO: 2020-02-01 19:03:58,123: download_one() 'Earth View: Queue populated with 1505 URLs'
INFO: 2020-02-01 19:03:58,124: save_locally() 'Origin URL: https://earthview.withgoogle.com/6144'
INFO: 2020-02-01 19:03:58,124: save_locally() 'Image URL: https://www.gstatic.com/prettyearth/assets/full/6144.jpg'
INFO: 2020-02-01 19:03:58,124: save_locally() 'Local path: /home/paarangatj/.config/variety/Downloaded/Earth View/Enewetak Atoll, Marshall Islands (ID-6144).jpg'
INFO: 2020-02-01 19:03:58,893: save_locally() 'Download complete'
INFO: 2020-02-01 19:03:58,894: update_indicator() 'Setting file info to: /home/paarangatj/.config/variety/Favorites/soulsequencer-carbon-orange-3840x2160-4k.jpg'
INFO: 2020-02-01 19:03:58,896: list_files() 'More than 1 files in the folders, stop listing'
INFO: 2020-02-01 19:03:58,902: download_one_from() 'Adding downloaded file /home/paarangatj/.config/variety/Downloaded/Earth View/Enewetak Atoll, Marshall Islands (ID-6144).jpg to unseen_downloads'
INFO: 2020-02-01 19:03:59,587: server_options_thread() 'Fetched server options: {'flickr': {'min_fill_queue_interval': 1200, 'min_download_interval': 1200}, 'wallbase': {'min_fill_queue_interval': 1800, 'min_download_interval': 1800}, 'wallhaven': {'min_fill_queue_interval': 1800, 'min_download_interval': 1800}, 'wallpapers.net': {'min_fill_queue_interval': 600, 'min_download_interval': 0}, 'unsplash': {'min_fill_queue_interval': 20000000000, 'min_download_interval': 20000000000}, 'unsplash_v2': {'min_fill_queue_interval': 1800, 'min_download_interval': 600}, 'status_message': {'0.0.1': '', '*': ''}}'
INFO: 2020-02-01 19:03:59,904: get_throttling() 'Chrome OS Wallpapers: parsing serverside options'
INFO: 2020-02-01 19:03:59,904: get_throttling() 'Could not parse Chrome OS Wallpapers serverside options, using defaults None, None'
INFO: 2020-02-01 19:03:59,904: get_throttling() 'Chrome OS Wallpapers: parsing serverside options'
INFO: 2020-02-01 19:03:59,904: get_throttling() 'Could not parse Chrome OS Wallpapers serverside options, using defaults None, None'
INFO: 2020-02-01 19:03:59,904: download_one() 'Chrome OS Wallpapers: Downloading an image, config: None'
INFO: 2020-02-01 19:03:59,905: download_one() 'Chrome OS Wallpapers: Queue size: 151'
INFO: 2020-02-01 19:03:59,905: download_one() 'Chrome OS Wallpapers: Queue populated with 151 URLs'
INFO: 2020-02-01 19:03:59,905: save_locally() 'Origin URL: https://lh5.ggpht.com/cpBJwL0MO6OOdt_mrR9at9L_TfUJyMnXnd_ZDvNoZ0Ht-JeuwQi47RZS9picnVH-D7rPdoC9K4h16NFv3xiqJnrPkNcSkQKivrFsV7s'
INFO: 2020-02-01 19:03:59,905: save_locally() 'Image URL: https://storage.googleapis.com/chromeos-wallpaper-public/20140527-165023_earth-018_high_resolution.jpg'
INFO: 2020-02-01 19:03:59,905: save_locally() 'Local path: /home/paarangatj/.config/variety/Downloaded/Chrome OS Wallpapers/20140527-165023_earth-018_high_resolution.jpg'
INFO: 2020-02-01 19:04:00,494: save_locally() 'Download complete'
INFO: 2020-02-01 19:04:00,494: update_indicator() 'Setting file info to: /home/paarangatj/.config/variety/Favorites/soulsequencer-carbon-orange-3840x2160-4k.jpg'
INFO: 2020-02-01 19:04:00,496: list_files() 'More than 1 files in the folders, stop listing'
INFO: 2020-02-01 19:04:00,497: download_one_from() 'Adding downloaded file /home/paarangatj/.config/variety/Downloaded/Chrome OS Wallpapers/20140527-165023_earth-018_high_resolution.jpg to unseen_downloads'
INFO: 2020-02-01 19:04:01,502: get_throttling() 'Earth View: parsing serverside options'
INFO: 2020-02-01 19:04:01,503: get_throttling() 'Could not parse Earth View serverside options, using defaults 20, None'
INFO: 2020-02-01 19:04:01,503: get_throttling() 'Earth View: parsing serverside options'
INFO: 2020-02-01 19:04:01,504: get_throttling() 'Could not parse Earth View serverside options, using defaults 20, None'
INFO: 2020-02-01 19:04:01,504: download_one() 'Earth View: Downloading an image, config: None'
INFO: 2020-02-01 19:04:01,504: download_one() 'Earth View: Queue size: 1504'
INFO: 2020-02-01 19:04:01,505: download_one() 'Earth View: Queue populated with 1504 URLs'
INFO: 2020-02-01 19:04:01,505: save_locally() 'Origin URL: https://earthview.withgoogle.com/1872'
INFO: 2020-02-01 19:04:01,506: save_locally() 'Image URL: https://www.gstatic.com/prettyearth/assets/full/1872.jpg'
INFO: 2020-02-01 19:04:01,506: save_locally() 'Local path: /home/paarangatj/.config/variety/Downloaded/Earth View/Ancona, Italy (ID-1872).jpg'
INFO: 2020-02-01 19:04:02,419: save_locally() 'Download complete'
INFO: 2020-02-01 19:04:02,420: update_indicator() 'Setting file info to: /home/paarangatj/.config/variety/Favorites/soulsequencer-carbon-orange-3840x2160-4k.jpg'
INFO: 2020-02-01 19:04:02,425: list_files() 'More than 1 files in the folders, stop listing'
INFO: 2020-02-01 19:04:02,428: download_one_from() 'Adding downloaded file /home/paarangatj/.config/variety/Downloaded/Earth View/Ancona, Italy (ID-1872).jpg to unseen_downloads'
INFO: 2020-02-01 19:04:03,435: get_throttling() 'Chrome OS Wallpapers: parsing serverside options'
INFO: 2020-02-01 19:04:03,435: get_throttling() 'Could not parse Chrome OS Wallpapers serverside options, using defaults None, None'
INFO: 2020-02-01 19:04:03,436: get_throttling() 'Chrome OS Wallpapers: parsing serverside options'
INFO: 2020-02-01 19:04:03,436: get_throttling() 'Could not parse Chrome OS Wallpapers serverside options, using defaults None, None'
INFO: 2020-02-01 19:04:03,436: download_one() 'Chrome OS Wallpapers: Downloading an image, config: None'
INFO: 2020-02-01 19:04:03,437: download_one() 'Chrome OS Wallpapers: Queue size: 150'
INFO: 2020-02-01 19:04:03,437: download_one() 'Chrome OS Wallpapers: Queue populated with 150 URLs'
INFO: 2020-02-01 19:04:03,438: save_locally() 'Origin URL: https://lh3.ggpht.com/d7w-8MVIKOR-18bbbyYKuSqK8ABw3A6DYY1vbdjcICk4gO4f8EaeVsUdp0PA50j7lrXs_yu-SK0VWvNqPlH0ihW4lI5dSKbuzmSBWpQA7w'
INFO: 2020-02-01 19:04:03,438: save_locally() 'Image URL: https://storage.googleapis.com/chromeos-wallpaper-public/20140528-171232_earth-171_high_resolution.jpg'
INFO: 2020-02-01 19:04:03,439: save_locally() 'Local path: /home/paarangatj/.config/variety/Downloaded/Chrome OS Wallpapers/20140528-171232_earth-171_high_resolution.jpg'
INFO: 2020-02-01 19:04:04,198: save_locally() 'Download complete'
INFO: 2020-02-01 19:04:04,199: update_indicator() 'Setting file info to: /home/paarangatj/.config/variety/Favorites/soulsequencer-carbon-orange-3840x2160-4k.jpg'
INFO: 2020-02-01 19:04:04,201: list_files() 'More than 1 files in the folders, stop listing'
INFO: 2020-02-01 19:04:04,204: download_one_from() 'Adding downloaded file /home/paarangatj/.config/variety/Downloaded/Chrome OS Wallpapers/20140528-171232_earth-171_high_resolution.jpg to unseen_downloads'
INFO: 2020-02-01 19:04:05,207: get_throttling() 'Earth View: parsing serverside options'
INFO: 2020-02-01 19:04:05,208: get_throttling() 'Could not parse Earth View serverside options, using defaults 20, None'
INFO: 2020-02-01 19:04:05,208: get_throttling() 'Earth View: parsing serverside options'
INFO: 2020-02-01 19:04:05,209: get_throttling() 'Could not parse Earth View serverside options, using defaults 20, None'
INFO: 2020-02-01 19:04:05,209: download_one() 'Earth View: Downloading an image, config: None'
INFO: 2020-02-01 19:04:05,209: download_one() 'Earth View: Queue size: 1503'
INFO: 2020-02-01 19:04:05,209: download_one() 'Earth View: Queue populated with 1503 URLs'
INFO: 2020-02-01 19:04:05,210: save_locally() 'Origin URL: https://earthview.withgoogle.com/5628'
INFO: 2020-02-01 19:04:05,210: save_locally() 'Image URL: https://www.gstatic.com/prettyearth/assets/full/5628.jpg'
INFO: 2020-02-01 19:04:05,211: save_locally() 'Local path: /home/paarangatj/.config/variety/Downloaded/Earth View/Dalian Shi, China (ID-5628).jpg'
INFO: 2020-02-01 19:04:05,643: save_locally() 'Download complete'
INFO: 2020-02-01 19:04:05,643: update_indicator() 'Setting file info to: /home/paarangatj/.config/variety/Favorites/soulsequencer-carbon-orange-3840x2160-4k.jpg'
INFO: 2020-02-01 19:04:05,645: list_files() 'More than 1 files in the folders, stop listing'
INFO: 2020-02-01 19:04:05,651: download_one_from() 'Adding downloaded file /home/paarangatj/.config/variety/Downloaded/Earth View/Dalian Shi, China (ID-5628).jpg to unseen_downloads'
INFO: 2020-02-01 19:04:06,654: get_throttling() 'Chrome OS Wallpapers: parsing serverside options'
INFO: 2020-02-01 19:04:06,655: get_throttling() 'Could not parse Chrome OS Wallpapers serverside options, using defaults None, None'
INFO: 2020-02-01 19:04:06,655: get_throttling() 'Chrome OS Wallpapers: parsing serverside options'
INFO: 2020-02-01 19:04:06,656: get_throttling() 'Could not parse Chrome OS Wallpapers serverside options, using defaults None, None'
INFO: 2020-02-01 19:04:06,656: download_one() 'Chrome OS Wallpapers: Downloading an image, config: None'
INFO: 2020-02-01 19:04:06,656: download_one() 'Chrome OS Wallpapers: Queue size: 149'
INFO: 2020-02-01 19:04:06,656: download_one() 'Chrome OS Wallpapers: Queue populated with 149 URLs'
INFO: 2020-02-01 19:04:06,657: save_locally() 'Origin URL: https://lh6.ggpht.com/eEEI8Oe2vjkXiQHZO7Wo8iVx9986zZiP71Lt3XHV-dctbqxm2sJrJIFyBHZibM606bYGettcqBBdEdIPsIur_BlZmnRoITCP8NwMUP1s'
INFO: 2020-02-01 19:04:06,658: save_locally() 'Image URL: https://storage.googleapis.com/chromeos-wallpaper-public/20120919-002853_gradient__0002_green_high_resolution.jpg'
INFO: 2020-02-01 19:04:06,658: save_locally() 'Local path: /home/paarangatj/.config/variety/Downloaded/Chrome OS Wallpapers/20120919-002853_gradient__0002_green_high_resolution.jpg'
INFO: 2020-02-01 19:04:07,494: save_locally() 'Download complete'
INFO: 2020-02-01 19:04:07,495: update_indicator() 'Setting file info to: /home/paarangatj/.config/variety/Favorites/soulsequencer-carbon-orange-3840x2160-4k.jpg'
INFO: 2020-02-01 19:04:07,499: list_files() 'More than 1 files in the folders, stop listing'
INFO: 2020-02-01 19:04:07,509: prepare_thread() 'Prepared buffer contains 1 images'
INFO: 2020-02-01 19:04:08,514: get_throttling() 'Chrome OS Wallpapers: parsing serverside options'
INFO: 2020-02-01 19:04:08,515: get_throttling() 'Could not parse Chrome OS Wallpapers serverside options, using defaults None, None'
INFO: 2020-02-01 19:04:08,515: get_throttling() 'Chrome OS Wallpapers: parsing serverside options'
INFO: 2020-02-01 19:04:08,516: get_throttling() 'Could not parse Chrome OS Wallpapers serverside options, using defaults None, None'
INFO: 2020-02-01 19:04:08,516: download_one() 'Chrome OS Wallpapers: Downloading an image, config: None'
INFO: 2020-02-01 19:04:08,516: download_one() 'Chrome OS Wallpapers: Queue size: 148'
INFO: 2020-02-01 19:04:08,516: download_one() 'Chrome OS Wallpapers: Queue populated with 148 URLs'
INFO: 2020-02-01 19:04:08,517: save_locally() 'Origin URL: https://lh6.ggpht.com/XeFkYGt3wrHoxVEWaiMeuW38qmCQyU-o0xPMo-KJa6ZrUxBE_olvQ4YUIhkI_Er9m-bxash84K0uAZl0WA3f1Lyopv9lmRL_CcQsN-Q'
INFO: 2020-02-01 19:04:08,518: save_locally() 'Image URL: https://storage.googleapis.com/chromeos-wallpaper-public/20130514-012149_trey-ratcliff-long-blue-road_high_resolution.jpg'
INFO: 2020-02-01 19:04:08,518: save_locally() 'Local path: /home/paarangatj/.config/variety/Downloaded/Chrome OS Wallpapers/20130514-012149_trey-ratcliff-long-blue-road_high_resolution.jpg'
INFO: 2020-02-01 19:04:09,128: save_locally() 'Download complete'
INFO: 2020-02-01 19:04:09,129: update_indicator() 'Setting file info to: /home/paarangatj/.config/variety/Favorites/soulsequencer-carbon-orange-3840x2160-4k.jpg'
INFO: 2020-02-01 19:04:09,130: list_files() 'More than 1 files in the folders, stop listing'
INFO: 2020-02-01 19:04:09,147: download_one_from() 'Adding downloaded file /home/paarangatj/.config/variety/Downloaded/Chrome OS Wallpapers/20130514-012149_trey-ratcliff-long-blue-road_high_resolution.jpg to unseen_downloads'
INFO: 2020-02-01 19:04:09,518: trigger_download() 'Triggering download thread to check if download needed'
INFO: 2020-02-01 19:04:10,149: get_throttling() 'Earth View: parsing serverside options'
INFO: 2020-02-01 19:04:10,149: get_throttling() 'Could not parse Earth View serverside options, using defaults 20, None'
INFO: 2020-02-01 19:04:10,150: get_throttling() 'Earth View: parsing serverside options'
INFO: 2020-02-01 19:04:10,150: get_throttling() 'Could not parse Earth View serverside options, using defaults 20, None'
INFO: 2020-02-01 19:04:10,150: download_one() 'Earth View: Downloading an image, config: None'
INFO: 2020-02-01 19:04:10,151: download_one() 'Earth View: Queue size: 1502'
INFO: 2020-02-01 19:04:10,151: download_one() 'Earth View: Queue populated with 1502 URLs'
INFO: 2020-02-01 19:04:10,151: save_locally() 'Origin URL: https://earthview.withgoogle.com/1970'
INFO: 2020-02-01 19:04:10,152: save_locally() 'Image URL: https://www.gstatic.com/prettyearth/assets/full/1970.jpg'
INFO: 2020-02-01 19:04:10,152: save_locally() 'Local path: /home/paarangatj/.config/variety/Downloaded/Earth View/Naples, United States (ID-1970).jpg'
INFO: 2020-02-01 19:04:10,681: save_locally() 'Download complete'
INFO: 2020-02-01 19:04:10,682: update_indicator() 'Setting file info to: /home/paarangatj/.config/variety/Favorites/soulsequencer-carbon-orange-3840x2160-4k.jpg'
INFO: 2020-02-01 19:04:10,687: list_files() 'More than 1 files in the folders, stop listing'
INFO: 2020-02-01 19:04:10,692: download_one_from() 'Adding downloaded file /home/paarangatj/.config/variety/Downloaded/Earth View/Naples, United States (ID-1970).jpg to unseen_downloads'
INFO: 2020-02-01 19:04:11,697: get_throttling() 'Chrome OS Wallpapers: parsing serverside options'
INFO: 2020-02-01 19:04:11,698: get_throttling() 'Could not parse Chrome OS Wallpapers serverside options, using defaults None, None'
INFO: 2020-02-01 19:04:11,698: get_throttling() 'Chrome OS Wallpapers: parsing serverside options'
INFO: 2020-02-01 19:04:11,698: get_throttling() 'Could not parse Chrome OS Wallpapers serverside options, using defaults None, None'
INFO: 2020-02-01 19:04:11,699: download_one() 'Chrome OS Wallpapers: Downloading an image, config: None'
INFO: 2020-02-01 19:04:11,699: download_one() 'Chrome OS Wallpapers: Queue size: 147'
INFO: 2020-02-01 19:04:11,699: download_one() 'Chrome OS Wallpapers: Queue populated with 147 URLs'
INFO: 2020-02-01 19:04:11,700: save_locally() 'Origin URL: https://lh6.ggpht.com/24YYt7BJHoXydgvK2cDItroiFFxxkZwCA7UQGoM-7FTuRAN5y5QJQX2RKkxss3gL-98atDHqErveTJpFpu5oF5aibhLl6QP8srcmLFZSFQ'
INFO: 2020-02-01 19:04:11,700: save_locally() 'Image URL: https://storage.googleapis.com/chromeos-wallpaper-public/20130206-212438_image (18)_high_resolution.jpg'
INFO: 2020-02-01 19:04:11,701: save_locally() 'Local path: /home/paarangatj/.config/variety/Downloaded/Chrome OS Wallpapers/20130206-212438_image (18)_high_resolution.jpg'
INFO: 2020-02-01 19:04:12,607: save_locally() 'Download complete'
INFO: 2020-02-01 19:04:12,608: update_indicator() 'Setting file info to: /home/paarangatj/.config/variety/Favorites/soulsequencer-carbon-orange-3840x2160-4k.jpg'
INFO: 2020-02-01 19:04:12,614: list_files() 'More than 1 files in the folders, stop listing'
INFO: 2020-02-01 19:04:12,621: download_one_from() 'Adding downloaded file /home/paarangatj/.config/variety/Downloaded/Chrome OS Wallpapers/20130206-212438_image (18)_high_resolution.jpg to unseen_downloads'
INFO: 2020-02-01 19:04:13,632: get_throttling() 'Earth View: parsing serverside options'
INFO: 2020-02-01 19:04:13,632: get_throttling() 'Could not parse Earth View serverside options, using defaults 20, None'
INFO: 2020-02-01 19:04:13,633: get_throttling() 'Earth View: parsing serverside options'
INFO: 2020-02-01 19:04:13,633: get_throttling() 'Could not parse Earth View serverside options, using defaults 20, None'
INFO: 2020-02-01 19:04:13,633: download_one() 'Earth View: Downloading an image, config: None'
INFO: 2020-02-01 19:04:13,634: download_one() 'Earth View: Queue size: 1501'
INFO: 2020-02-01 19:04:13,634: download_one() 'Earth View: Queue populated with 1501 URLs'
INFO: 2020-02-01 19:04:13,635: save_locally() 'Origin URL: https://earthview.withgoogle.com/5179'
INFO: 2020-02-01 19:04:13,635: save_locally() 'Image URL: https://www.gstatic.com/prettyearth/assets/full/5179.jpg'
INFO: 2020-02-01 19:04:13,635: save_locally() 'Local path: /home/paarangatj/.config/variety/Downloaded/Earth View/Saint John, United States (ID-5179).jpg'
INFO: 2020-02-01 19:04:14,163: save_locally() 'Download complete'
INFO: 2020-02-01 19:04:14,164: update_indicator() 'Setting file info to: /home/paarangatj/.config/variety/Favorites/soulsequencer-carbon-orange-3840x2160-4k.jpg'
INFO: 2020-02-01 19:04:14,166: list_files() 'More than 1 files in the folders, stop listing'
INFO: 2020-02-01 19:04:14,172: download_one_from() 'Adding downloaded file /home/paarangatj/.config/variety/Downloaded/Earth View/Saint John, United States (ID-5179).jpg to unseen_downloads'
INFO: 2020-02-01 19:08:36,232: regular_change_thread() 'regular_change changes wallpaper'
INFO: 2020-02-01 19:08:36,233: set_wallpaper() 'Calling set_wallpaper with /home/paarangatj/.config/variety/Downloaded/Earth View/Moudjeria, Mauritania (ID-6503).jpg'
INFO: 2020-02-01 19:08:36,235: prepare_thread() 'Prepared buffer contains 1 images'
INFO: 2020-02-01 19:08:36,238: do_set_wp() 'Calling do_set_wp with /home/paarangatj/.config/variety/Downloaded/Earth View/Moudjeria, Mauritania (ID-6503).jpg, time: 1580544516.2383306'
INFO: 2020-02-01 19:08:36,342: update_indicator() 'Setting file info to: /home/paarangatj/.config/variety/Downloaded/Earth View/Moudjeria, Mauritania (ID-6503).jpg'
INFO: 2020-02-01 19:08:36,351: list_files() 'More than 1 files in the folders, stop listing'
INFO: 2020-02-01 19:08:38,237: trigger_download() 'Triggering download thread to check if download needed'
INFO: 2020-02-01 19:08:38,238: get_throttling() 'Earth View: parsing serverside options'
INFO: 2020-02-01 19:08:38,238: get_throttling() 'Could not parse Earth View serverside options, using defaults 20, None'
INFO: 2020-02-01 19:08:38,239: get_throttling() 'Earth View: parsing serverside options'
INFO: 2020-02-01 19:08:38,239: get_throttling() 'Could not parse Earth View serverside options, using defaults 20, None'
INFO: 2020-02-01 19:08:38,239: download_one() 'Earth View: Downloading an image, config: None'
INFO: 2020-02-01 19:08:38,239: download_one() 'Earth View: Queue size: 1500'
INFO: 2020-02-01 19:08:38,240: download_one() 'Earth View: Queue populated with 1500 URLs'
INFO: 2020-02-01 19:08:38,240: save_locally() 'Origin URL: https://earthview.withgoogle.com/5641'
INFO: 2020-02-01 19:08:38,240: save_locally() 'Image URL: https://www.gstatic.com/prettyearth/assets/full/5641.jpg'
INFO: 2020-02-01 19:08:38,240: save_locally() 'Local path: /home/paarangatj/.config/variety/Downloaded/Earth View/Weifang Shi, China (ID-5641).jpg'
INFO: 2020-02-01 19:08:38,245: trigger_download() 'Triggering download thread to check if download needed'
INFO: 2020-02-01 19:08:38,652: save_locally() 'Download complete'
INFO: 2020-02-01 19:08:38,653: update_indicator() 'Setting file info to: /home/paarangatj/.config/variety/Favorites/soulsequencer-carbon-orange-3840x2160-4k.jpg'
INFO: 2020-02-01 19:08:38,654: list_files() 'More than 1 files in the folders, stop listing'
INFO: 2020-02-01 19:08:38,661: download_one_from() 'Adding downloaded file /home/paarangatj/.config/variety/Downloaded/Earth View/Weifang Shi, China (ID-5641).jpg to unseen_downloads'
INFO: 2020-02-01 19:13:39,115: regular_change_thread() 'regular_change changes wallpaper'
INFO: 2020-02-01 19:13:39,115: set_wallpaper() 'Calling set_wallpaper with /home/paarangatj/.config/variety/Downloaded/Earth View/Ancona, Italy (ID-1872).jpg'
INFO: 2020-02-01 19:13:39,117: do_set_wp() 'Calling do_set_wp with /home/paarangatj/.config/variety/Downloaded/Earth View/Ancona, Italy (ID-1872).jpg, time: 1580544819.1175401'
INFO: 2020-02-01 19:13:39,141: prepare_thread() 'Prepared buffer contains 1 images'
INFO: 2020-02-01 19:13:39,161: update_indicator() 'Setting file info to: /home/paarangatj/.config/variety/Downloaded/Earth View/Ancona, Italy (ID-1872).jpg'
INFO: 2020-02-01 19:13:39,174: list_files() 'More than 1 files in the folders, stop listing'
INFO: 2020-02-01 19:13:41,118: trigger_download() 'Triggering download thread to check if download needed'
INFO: 2020-02-01 19:13:41,119: get_throttling() 'Earth View: parsing serverside options'
INFO: 2020-02-01 19:13:41,119: get_throttling() 'Could not parse Earth View serverside options, using defaults 20, None'
INFO: 2020-02-01 19:13:41,119: get_throttling() 'Earth View: parsing serverside options'
INFO: 2020-02-01 19:13:41,119: get_throttling() 'Could not parse Earth View serverside options, using defaults 20, None'
INFO: 2020-02-01 19:13:41,120: download_one() 'Earth View: Downloading an image, config: None'
INFO: 2020-02-01 19:13:41,120: download_one() 'Earth View: Queue size: 1499'
INFO: 2020-02-01 19:13:41,120: download_one() 'Earth View: Queue populated with 1499 URLs'
INFO: 2020-02-01 19:13:41,120: save_locally() 'Origin URL: https://earthview.withgoogle.com/1594'
INFO: 2020-02-01 19:13:41,120: save_locally() 'Image URL: https://www.gstatic.com/prettyearth/assets/full/1594.jpg'
INFO: 2020-02-01 19:13:41,121: save_locally() 'Local path: /home/paarangatj/.config/variety/Downloaded/Earth View/Corpen Aike Department, Argentina (ID-1594).jpg'
INFO: 2020-02-01 19:13:41,146: trigger_download() 'Triggering download thread to check if download needed'
INFO: 2020-02-01 19:13:41,549: save_locally() 'Download complete'
INFO: 2020-02-01 19:13:41,549: update_indicator() 'Setting file info to: /home/paarangatj/.config/variety/Downloaded/Earth View/Moudjeria, Mauritania (ID-6503).jpg'
INFO: 2020-02-01 19:13:41,569: list_files() 'More than 1 files in the folders, stop listing'
INFO: 2020-02-01 19:13:41,571: download_one_from() 'Adding downloaded file /home/paarangatj/.config/variety/Downloaded/Earth View/Corpen Aike Department, Argentina (ID-1594).jpg to unseen_downloads'
INFO: 2020-02-01 19:18:41,711: regular_change_thread() 'regular_change changes wallpaper'
INFO: 2020-02-01 19:18:41,712: set_wallpaper() 'Calling set_wallpaper with /home/paarangatj/.config/variety/Favorites/soulsequencer-carbon-orange-3840x2160-4k.jpg'
INFO: 2020-02-01 19:18:41,712: prepare_thread() 'Prepared buffer contains 0 images'
INFO: 2020-02-01 19:18:41,713: prepare_thread() 'Preparing some images'
INFO: 2020-02-01 19:18:41,724: do_set_wp() 'Calling do_set_wp with /home/paarangatj/.config/variety/Favorites/soulsequencer-carbon-orange-3840x2160-4k.jpg, time: 1580545121.7240174'
INFO: 2020-02-01 19:18:41,852: update_indicator() 'Setting file info to: /home/paarangatj/.config/variety/Favorites/soulsequencer-carbon-orange-3840x2160-4k.jpg'
INFO: 2020-02-01 19:18:41,860: prepare_thread() 'After search prepared buffer contains 25 images'
INFO: 2020-02-01 19:18:41,861: list_files() 'More than 1 files in the folders, stop listing'
INFO: 2020-02-01 19:18:43,878: trigger_download() 'Triggering download thread to check if download needed'
INFO: 2020-02-01 19:23:45,723: regular_change_thread() 'regular_change changes wallpaper'
INFO: 2020-02-01 19:23:45,724: set_wallpaper() 'Calling set_wallpaper with /home/paarangatj/.config/variety/Downloaded/Chrome OS Wallpapers/20130206-211544_image (26)_high_resolution.jpg'
INFO: 2020-02-01 19:23:45,726: prepare_thread() 'Prepared buffer contains 25 images'
INFO: 2020-02-01 19:23:45,727: do_set_wp() 'Calling do_set_wp with /home/paarangatj/.config/variety/Downloaded/Chrome OS Wallpapers/20130206-211544_image (26)_high_resolution.jpg, time: 1580545425.7278092'
INFO: 2020-02-01 19:23:45,759: update_indicator() 'Setting file info to: /home/paarangatj/.config/variety/Downloaded/Chrome OS Wallpapers/20130206-211544_image (26)_high_resolution.jpg'
INFO: 2020-02-01 19:23:45,769: list_files() 'More than 1 files in the folders, stop listing'
INFO: 2020-02-01 19:23:47,726: trigger_download() 'Triggering download thread to check if download needed'
INFO: 2020-02-01 19:23:47,727: get_throttling() 'Chrome OS Wallpapers: parsing serverside options'
INFO: 2020-02-01 19:23:47,728: get_throttling() 'Could not parse Chrome OS Wallpapers serverside options, using defaults None, None'
INFO: 2020-02-01 19:23:47,728: get_throttling() 'Chrome OS Wallpapers: parsing serverside options'
INFO: 2020-02-01 19:23:47,728: get_throttling() 'Could not parse Chrome OS Wallpapers serverside options, using defaults None, None'
INFO: 2020-02-01 19:23:47,728: download_one() 'Chrome OS Wallpapers: Downloading an image, config: None'
INFO: 2020-02-01 19:23:47,729: download_one() 'Chrome OS Wallpapers: Queue size: 146'
INFO: 2020-02-01 19:23:47,729: download_one() 'Chrome OS Wallpapers: Queue populated with 146 URLs'
INFO: 2020-02-01 19:23:47,729: trigger_download() 'Triggering download thread to check if download needed'
INFO: 2020-02-01 19:23:47,730: save_locally() 'Origin URL: https://lh6.ggpht.com/Wx9-CH_3iSFgufTHm0cgytmHwcrbbfdBhyDaG-wlzDs5S-VxHLgIKmNlyhNZKPG-oowEVCh9W1W18VDzGQr53bQX8UcUUZ62QKzIiyeg'
INFO: 2020-02-01 19:23:47,730: save_locally() 'Image URL: https://storage.googleapis.com/chromeos-wallpaper-public/20140527-165253_earth-032_high_resolution.jpg'
INFO: 2020-02-01 19:23:47,730: save_locally() 'Local path: /home/paarangatj/.config/variety/Downloaded/Chrome OS Wallpapers/20140527-165253_earth-032_high_resolution.jpg'
INFO: 2020-02-01 19:23:48,386: save_locally() 'Download complete'
INFO: 2020-02-01 19:23:48,387: update_indicator() 'Setting file info to: /home/paarangatj/.config/variety/Favorites/soulsequencer-carbon-orange-3840x2160-4k.jpg'
INFO: 2020-02-01 19:23:48,388: list_files() 'More than 1 files in the folders, stop listing'
INFO: 2020-02-01 19:23:48,389: download_one_from() 'Adding downloaded file /home/paarangatj/.config/variety/Downloaded/Chrome OS Wallpapers/20140527-165253_earth-032_high_resolution.jpg to unseen_downloads'
INFO: 2020-02-01 19:28:48,437: regular_change_thread() 'regular_change changes wallpaper'
INFO: 2020-02-01 19:28:48,438: set_wallpaper() 'Calling set_wallpaper with /home/paarangatj/.config/variety/Downloaded/Earth View/Dalian Shi, China (ID-5628).jpg'
INFO: 2020-02-01 19:28:48,438: prepare_thread() 'Prepared buffer contains 24 images'
INFO: 2020-02-01 19:28:48,442: do_set_wp() 'Calling do_set_wp with /home/paarangatj/.config/variety/Downloaded/Earth View/Dalian Shi, China (ID-5628).jpg, time: 1580545728.4423032'
INFO: 2020-02-01 19:28:48,517: update_indicator() 'Setting file info to: /home/paarangatj/.config/variety/Downloaded/Earth View/Dalian Shi, China (ID-5628).jpg'
INFO: 2020-02-01 19:28:48,529: list_files() 'More than 1 files in the folders, stop listing'
INFO: 2020-02-01 19:28:50,440: trigger_download() 'Triggering download thread to check if download needed'
INFO: 2020-02-01 19:28:50,441: get_throttling() 'Earth View: parsing serverside options'
INFO: 2020-02-01 19:28:50,441: get_throttling() 'Could not parse Earth View serverside options, using defaults 20, None'
INFO: 2020-02-01 19:28:50,441: get_throttling() 'Earth View: parsing serverside options'
INFO: 2020-02-01 19:28:50,441: get_throttling() 'Could not parse Earth View serverside options, using defaults 20, None'
INFO: 2020-02-01 19:28:50,441: download_one() 'Earth View: Downloading an image, config: None'
INFO: 2020-02-01 19:28:50,441: download_one() 'Earth View: Queue size: 1498'
INFO: 2020-02-01 19:28:50,442: download_one() 'Earth View: Queue populated with 1498 URLs'
INFO: 2020-02-01 19:28:50,442: save_locally() 'Origin URL: https://earthview.withgoogle.com/6048'
INFO: 2020-02-01 19:28:50,442: save_locally() 'Image URL: https://www.gstatic.com/prettyearth/assets/full/6048.jpg'
INFO: 2020-02-01 19:28:50,442: save_locally() 'Local path: /home/paarangatj/.config/variety/Downloaded/Earth View/Dashoguz Province, Turkmenistan (ID-6048).jpg'
INFO: 2020-02-01 19:28:50,448: trigger_download() 'Triggering download thread to check if download needed'
INFO: 2020-02-01 19:28:50,870: save_locally() 'Download complete'
INFO: 2020-02-01 19:28:50,870: update_indicator() 'Setting file info to: /home/paarangatj/.config/variety/Downloaded/Earth View/Dalian Shi, China (ID-5628).jpg'
INFO: 2020-02-01 19:28:50,881: list_files() 'More than 1 files in the folders, stop listing'
INFO: 2020-02-01 19:28:50,882: download_one_from() 'Adding downloaded file /home/paarangatj/.config/variety/Downloaded/Earth View/Dashoguz Province, Turkmenistan (ID-6048).jpg to unseen_downloads'
INFO: 2020-02-01 19:33:50,820: regular_change_thread() 'regular_change changes wallpaper'
INFO: 2020-02-01 19:33:50,822: set_wallpaper() 'Calling set_wallpaper with /home/paarangatj/.config/variety/Downloaded/Chrome OS Wallpapers/20140527-162816_earth-005_high_resolution.jpg'
INFO: 2020-02-01 19:33:50,823: prepare_thread() 'Prepared buffer contains 24 images'
INFO: 2020-02-01 19:33:50,828: do_set_wp() 'Calling do_set_wp with /home/paarangatj/.config/variety/Downloaded/Chrome OS Wallpapers/20140527-162816_earth-005_high_resolution.jpg, time: 1580546030.8280716'
INFO: 2020-02-01 19:33:50,901: update_indicator() 'Setting file info to: /home/paarangatj/.config/variety/Downloaded/Chrome OS Wallpapers/20140527-162816_earth-005_high_resolution.jpg'
INFO: 2020-02-01 19:33:50,909: list_files() 'More than 1 files in the folders, stop listing'
INFO: 2020-02-01 19:33:52,825: trigger_download() 'Triggering download thread to check if download needed'
INFO: 2020-02-01 19:33:52,826: get_throttling() 'Chrome OS Wallpapers: parsing serverside options'
INFO: 2020-02-01 19:33:52,827: get_throttling() 'Could not parse Chrome OS Wallpapers serverside options, using defaults None, None'
INFO: 2020-02-01 19:33:52,827: get_throttling() 'Chrome OS Wallpapers: parsing serverside options'
INFO: 2020-02-01 19:33:52,827: get_throttling() 'Could not parse Chrome OS Wallpapers serverside options, using defaults None, None'
INFO: 2020-02-01 19:33:52,827: download_one() 'Chrome OS Wallpapers: Downloading an image, config: None'
INFO: 2020-02-01 19:33:52,827: download_one() 'Chrome OS Wallpapers: Queue size: 145'
INFO: 2020-02-01 19:33:52,828: download_one() 'Chrome OS Wallpapers: Queue populated with 145 URLs'
INFO: 2020-02-01 19:33:52,828: save_locally() 'Origin URL: http://lh5.ggpht.com/ytrfpqe3VIRHL7xCQPxZkgeuepNCv9sQtTI1lmUA7Drqtq0A6yslRAGzl1XFZQYnQgi4XWvIaHJQiS_jLL1cna6xZNiMvFAtypjarY4JXQ'
INFO: 2020-02-01 19:33:52,829: save_locally() 'Image URL: https://storage.googleapis.com/chromeos-wallpaper-public/20120716-212804_1-nature0_high_resolution.jpg'
INFO: 2020-02-01 19:33:52,829: save_locally() 'Local path: /home/paarangatj/.config/variety/Downloaded/Chrome OS Wallpapers/20120716-212804_1-nature0_high_resolution.jpg'
INFO: 2020-02-01 19:33:52,830: trigger_download() 'Triggering download thread to check if download needed'
INFO: 2020-02-01 19:33:53,232: save_locally() 'Download complete'
INFO: 2020-02-01 19:33:53,233: update_indicator() 'Setting file info to: /home/paarangatj/.config/variety/Downloaded/Earth View/Dalian Shi, China (ID-5628).jpg'
INFO: 2020-02-01 19:33:53,248: list_files() 'More than 1 files in the folders, stop listing'
INFO: 2020-02-01 19:33:53,251: download_one_from() 'Adding downloaded file /home/paarangatj/.config/variety/Downloaded/Chrome OS Wallpapers/20120716-212804_1-nature0_high_resolution.jpg to unseen_downloads'
INFO: 2020-02-01 19:38:54,203: regular_change_thread() 'regular_change changes wallpaper'
INFO: 2020-02-01 19:38:54,204: set_wallpaper() 'Calling set_wallpaper with /home/paarangatj/.config/variety/Downloaded/Chrome OS Wallpapers/20140528-171137_earth-170_high_resolution.jpg'
INFO: 2020-02-01 19:38:54,205: prepare_thread() 'Prepared buffer contains 24 images'
INFO: 2020-02-01 19:38:54,212: do_set_wp() 'Calling do_set_wp with /home/paarangatj/.config/variety/Downloaded/Chrome OS Wallpapers/20140528-171137_earth-170_high_resolution.jpg, time: 1580546334.2121317'
INFO: 2020-02-01 19:38:54,281: update_indicator() 'Setting file info to: /home/paarangatj/.config/variety/Downloaded/Chrome OS Wallpapers/20140528-171137_earth-170_high_resolution.jpg'
INFO: 2020-02-01 19:38:54,290: list_files() 'More than 1 files in the folders, stop listing'
INFO: 2020-02-01 19:38:56,209: trigger_download() 'Triggering download thread to check if download needed'
INFO: 2020-02-01 19:38:56,210: get_throttling() 'Chrome OS Wallpapers: parsing serverside options'
INFO: 2020-02-01 19:38:56,210: get_throttling() 'Could not parse Chrome OS Wallpapers serverside options, using defaults None, None'
INFO: 2020-02-01 19:38:56,210: get_throttling() 'Chrome OS Wallpapers: parsing serverside options'
INFO: 2020-02-01 19:38:56,211: get_throttling() 'Could not parse Chrome OS Wallpapers serverside options, using defaults None, None'
INFO: 2020-02-01 19:38:56,211: download_one() 'Chrome OS Wallpapers: Downloading an image, config: None'
INFO: 2020-02-01 19:38:56,211: download_one() 'Chrome OS Wallpapers: Queue size: 144'
INFO: 2020-02-01 19:38:56,211: download_one() 'Chrome OS Wallpapers: Queue populated with 144 URLs'
INFO: 2020-02-01 19:38:56,211: save_locally() 'Origin URL: https://lh3.ggpht.com/0D-VWz4-T4j_6X3EnsyvkQftUoTa_eJmtjMJDXXVgBUT-Okcaq_qJZrbmZxZGRFXk4RKWJTgRJHCbhtgp746_0-wdormzAymq7XUnBfULg'
INFO: 2020-02-01 19:38:56,212: save_locally() 'Image URL: https://storage.googleapis.com/chromeos-wallpaper-public/20130206-212823_image (23)_high_resolution.jpg'
INFO: 2020-02-01 19:38:56,212: save_locally() 'Local path: /home/paarangatj/.config/variety/Downloaded/Chrome OS Wallpapers/20130206-212823_image (23)_high_resolution.jpg'
INFO: 2020-02-01 19:38:56,219: trigger_download() 'Triggering download thread to check if download needed'
INFO: 2020-02-01 19:38:56,590: save_locally() 'Download complete'
INFO: 2020-02-01 19:38:56,591: update_indicator() 'Setting file info to: /home/paarangatj/.config/variety/Downloaded/Chrome OS Wallpapers/20140527-162816_earth-005_high_resolution.jpg'
INFO: 2020-02-01 19:38:56,595: list_files() 'More than 1 files in the folders, stop listing'
INFO: 2020-02-01 19:38:56,597: download_one_from() 'Adding downloaded file /home/paarangatj/.config/variety/Downloaded/Chrome OS Wallpapers/20130206-212823_image (23)_high_resolution.jpg to unseen_downloads'
